<?xml version="1.0" encoding="UTF-8"?>
<!-- Generated by org.testng.reporters.JUnitXMLReporter -->
<testsuite hostname="xipll6320" name="Smoke Test EP" tests="2" failures="1" timestamp="8 Apr 2017 18:16:39 GMT" time="74.018" errors="0">
  <testcase name="OpenAUT" time="7.983" classname="Utility.TC1"/>
  <testcase name="M3" time="2.671" classname="Utility.TC2">
    <failure type="java.lang.AssertionError" message="expected [true] but found [false]">
      <![CDATA[java.lang.AssertionError: expected [true] but found [false]
	at Utility.TC2.M3(TC2.java:35)
... Removed 28 stack frames]]>
    </failure>
  </testcase> <!-- M3 -->
</testsuite> <!-- Smoke Test EP -->
