<?xml version="1.0" encoding="UTF-8"?>
<testng-results ignored="0" total="1" passed="1" failed="0" skipped="0">
  <reporter-output>
  </reporter-output>
  <suite started-at="2018-03-07T12:16:59Z" name="Default suite" finished-at="2018-03-07T12:17:38Z" duration-ms="38758">
    <groups>
    </groups>
    <test started-at="2018-03-07T12:16:59Z" name="Default test" finished-at="2018-03-07T12:17:38Z" duration-ms="38758">
      <class name="dataextract.brandExtraction">
        <test-method signature="Brand_data()[pri:0, instance:dataextract.brandExtraction@366c4480]" started-at="2018-03-07T17:46:59Z" name="Brand_data" finished-at="2018-03-07T17:47:38Z" duration-ms="38720" status="PASS">
          <reporter-output>
          </reporter-output>
        </test-method> <!-- Brand_data -->
      </class> <!-- dataextract.brandExtraction -->
    </test> <!-- Default test -->
  </suite> <!-- Default suite -->
</testng-results>
